<?xml version="1.0" encoding="UTF-8"?>
<!-- Generated by org.testng.reporters.JUnitReportReporter -->
<testsuite skipped="0" hostname="ANPAHADE2L" name="ValidateSuccessfulLogin" tests="1" failures="0" timestamp="11 Feb 2019 07:01:40 GMT" time="7.386" errors="0">
  <testcase name="Can_Successful_Login" time="7.386" classname="ValidateSuccessfulLogin"/>
</testsuite> <!-- ValidateSuccessfulLogin -->
